<?xml version="1.0" encoding="UTF-8"?>
<!-- Generated by org.testng.reporters.JUnitReportReporter -->
<testsuite hostname="CNJ-SAKHTE5JUO8" name="testcases.VerifyPcsLoginpageTest" tests="1" failures="0" timestamp="15 Jun 2016 14:13:19 GMT" time="20.899" errors="0">
  <testcase name="testHomePage" time="20.899" classname="testcases.VerifyPcsLoginpageTest"/>
</testsuite> <!-- testcases.VerifyPcsLoginpageTest -->
